<?xml version="1.0" encoding="UTF-8"?>
<testsuite name="com.bridgelabz.TestAddressBookJSON" tests="1" skipped="0" failures="0" errors="0" timestamp="2021-08-08T14:13:53" hostname="DESKTOP-UD4BENK" time="0.092">
  <properties/>
  <testcase name="given3ContactsWhenWrittenToJSonFileShouldMatchContactEntries" classname="com.bridgelabz.TestAddressBookJSON" time="0.092"/>
  <system-out><![CDATA[]]></system-out>
  <system-err><![CDATA[]]></system-err>
</testsuite>
