<?xml version="1.0" encoding="UTF-8"?>
<testsuite name="com.bridgelabz.TestAddressBookCSV" tests="1" skipped="0" failures="0" errors="0" timestamp="2021-08-08T13:04:17" hostname="DESKTOP-UD4BENK" time="0.074">
  <properties/>
  <testcase name="given3ContactsWhenWrittenToCSVFileShouldMatchContactEntries" classname="com.bridgelabz.TestAddressBookCSV" time="0.074"/>
  <system-out><![CDATA[]]></system-out>
  <system-err><![CDATA[]]></system-err>
</testsuite>
